[0m11:14:47.620802 [debug] [MainThread]: Sending event: {'category': 'dbt', 'action': 'invocation', 'label': 'start', 'context': [<snowplow_tracker.self_describing_json.SelfDescribingJson object at 0x000002C7C32FDD90>, <snowplow_tracker.self_describing_json.SelfDescribingJson object at 0x000002C7C50BC350>, <snowplow_tracker.self_describing_json.SelfDescribingJson object at 0x000002C7C50BF3B0>]}


============================== 11:14:47.626687 | aa241cc8-0dde-4b68-9e9e-d66b442ea3c9 ==============================
[0m11:14:47.626687 [info ] [MainThread]: Running with dbt=1.8.6
[0m11:14:47.627701 [debug] [MainThread]: running dbt with arguments {'printer_width': '80', 'indirect_selection': 'eager', 'log_cache_events': 'False', 'write_json': 'True', 'partial_parse': 'True', 'cache_selected_only': 'False', 'profiles_dir': 'C:\\Users\\pparasyn\\.dbt', 'version_check': 'True', 'fail_fast': 'False', 'log_path': 'logs', 'warn_error': 'None', 'debug': 'False', 'use_colors': 'True', 'use_experimental_parser': 'False', 'empty': 'None', 'quiet': 'False', 'no_print': 'None', 'warn_error_options': 'WarnErrorOptions(include=[], exclude=[])', 'static_parser': 'True', 'invocation_command': 'dbt init dbtlearn', 'log_format': 'default', 'target_path': 'None', 'introspect': 'True', 'send_anonymous_usage_stats': 'True'}
[0m11:14:47.648352 [debug] [MainThread]: Starter project path: C:\Users\pparasyn\source\GITHUB - Pawel_Praca\dbtlearn_udemy\dbtlearn\.venv_dbt_pg\Lib\site-packages\dbt\include\starter_project
[0m11:14:47.664001 [info ] [MainThread]: 
Your new dbt project "dbtlearn" was created!

For more information on how to configure the profiles.yml file,
please consult the dbt documentation here:

  https://docs.getdbt.com/docs/configure-your-profile

One more thing:

Need help? Don't hesitate to reach out to us via GitHub issues or on Slack:

  https://community.getdbt.com/

Happy modeling!

[0m11:14:47.666776 [info ] [MainThread]: Setting up your profile.
[0m11:15:07.115010 [debug] [MainThread]: Command `dbt init` succeeded at 11:15:07.115010 after 19.62 seconds
[0m11:15:07.115010 [debug] [MainThread]: Sending event: {'category': 'dbt', 'action': 'invocation', 'label': 'end', 'context': [<snowplow_tracker.self_describing_json.SelfDescribingJson object at 0x000002C7C5E8E690>, <snowplow_tracker.self_describing_json.SelfDescribingJson object at 0x000002C7C30236E0>, <snowplow_tracker.self_describing_json.SelfDescribingJson object at 0x000002C7C612AF60>]}
[0m11:15:07.116010 [debug] [MainThread]: Flushing usage events
[0m11:15:21.427775 [debug] [MainThread]: Sending event: {'category': 'dbt', 'action': 'invocation', 'label': 'start', 'context': [<snowplow_tracker.self_describing_json.SelfDescribingJson object at 0x0000025D165902F0>, <snowplow_tracker.self_describing_json.SelfDescribingJson object at 0x0000025D164C7170>, <snowplow_tracker.self_describing_json.SelfDescribingJson object at 0x0000025D12C85A90>]}


============================== 11:15:21.435024 | 971a9dcd-7693-4510-bf7b-e200e8344f8f ==============================
[0m11:15:21.435024 [info ] [MainThread]: Running with dbt=1.8.6
[0m11:15:21.437053 [debug] [MainThread]: running dbt with arguments {'printer_width': '80', 'indirect_selection': 'eager', 'write_json': 'True', 'log_cache_events': 'False', 'partial_parse': 'True', 'cache_selected_only': 'False', 'profiles_dir': 'C:\\Users\\pparasyn\\.dbt', 'version_check': 'True', 'warn_error': 'None', 'log_path': 'logs', 'fail_fast': 'False', 'debug': 'False', 'use_colors': 'True', 'use_experimental_parser': 'False', 'no_print': 'None', 'quiet': 'False', 'empty': 'None', 'warn_error_options': 'WarnErrorOptions(include=[], exclude=[])', 'introspect': 'True', 'log_format': 'default', 'static_parser': 'True', 'target_path': 'None', 'invocation_command': 'dbt debug', 'send_anonymous_usage_stats': 'True'}
[0m11:15:21.461594 [info ] [MainThread]: dbt version: 1.8.6
[0m11:15:21.462591 [info ] [MainThread]: python version: 3.12.1
[0m11:15:21.463594 [info ] [MainThread]: python path: C:\Users\pparasyn\source\GITHUB - Pawel_Praca\dbtlearn_udemy\dbtlearn\.venv_dbt_pg\Scripts\python.exe
[0m11:15:21.464746 [info ] [MainThread]: os info: Windows-11-10.0.22631-SP0
[0m11:15:21.600152 [info ] [MainThread]: Using profiles dir at C:\Users\pparasyn\.dbt
[0m11:15:21.601157 [info ] [MainThread]: Using profiles.yml file at C:\Users\pparasyn\.dbt\profiles.yml
[0m11:15:21.602309 [info ] [MainThread]: Using dbt_project.yml file at C:\Users\pparasyn\source\GITHUB - Pawel_Praca\dbtlearn_udemy\dbtlearn\dbt_project.yml
[0m11:15:21.603159 [info ] [MainThread]: adapter type: postgres
[0m11:15:21.604158 [info ] [MainThread]: adapter version: 1.8.2
[0m11:15:21.604158 [info ] [MainThread]: Configuration:
[0m11:15:21.605157 [info ] [MainThread]:   profiles.yml file [[32mOK found and valid[0m]
[0m11:15:21.605157 [info ] [MainThread]:   dbt_project.yml file [[31mERROR not found[0m]
[0m11:15:21.605157 [info ] [MainThread]: Required dependencies:
[0m11:15:21.606661 [debug] [MainThread]: Executing "git --help"
[0m11:15:21.653559 [debug] [MainThread]: STDOUT: "b"usage: git [-v | --version] [-h | --help] [-C <path>] [-c <name>=<value>]\n           [--exec-path[=<path>]] [--html-path] [--man-path] [--info-path]\n           [-p | --paginate | -P | --no-pager] [--no-replace-objects] [--bare]\n           [--git-dir=<path>] [--work-tree=<path>] [--namespace=<name>]\n           [--config-env=<name>=<envvar>] <command> [<args>]\n\nThese are common Git commands used in various situations:\n\nstart a working area (see also: git help tutorial)\n   clone     Clone a repository into a new directory\n   init      Create an empty Git repository or reinitialize an existing one\n\nwork on the current change (see also: git help everyday)\n   add       Add file contents to the index\n   mv        Move or rename a file, a directory, or a symlink\n   restore   Restore working tree files\n   rm        Remove files from the working tree and from the index\n\nexamine the history and state (see also: git help revisions)\n   bisect    Use binary search to find the commit that introduced a bug\n   diff      Show changes between commits, commit and working tree, etc\n   grep      Print lines matching a pattern\n   log       Show commit logs\n   show      Show various types of objects\n   status    Show the working tree status\n\ngrow, mark and tweak your common history\n   branch    List, create, or delete branches\n   commit    Record changes to the repository\n   merge     Join two or more development histories together\n   rebase    Reapply commits on top of another base tip\n   reset     Reset current HEAD to the specified state\n   switch    Switch branches\n   tag       Create, list, delete or verify a tag object signed with GPG\n\ncollaborate (see also: git help workflows)\n   fetch     Download objects and refs from another repository\n   pull      Fetch from and integrate with another repository or a local branch\n   push      Update remote refs along with associated objects\n\n'git help -a' and 'git help -g' list available subcommands and some\nconcept guides. See 'git help <command>' or 'git help <concept>'\nto read about a specific subcommand or concept.\nSee 'git help git' for an overview of the system.\n""
[0m11:15:21.654569 [debug] [MainThread]: STDERR: "b''"
[0m11:15:21.655565 [info ] [MainThread]:  - git [[32mOK found[0m]

[0m11:15:21.655565 [info ] [MainThread]: Connection:
[0m11:15:21.657071 [info ] [MainThread]:   host: localhost
[0m11:15:21.657586 [info ] [MainThread]:   port: 5432
[0m11:15:21.657586 [info ] [MainThread]:   user: postgre_dbt
[0m11:15:21.658833 [info ] [MainThread]:   database: airbnb
[0m11:15:21.658833 [info ] [MainThread]:   schema: dev
[0m11:15:21.659838 [info ] [MainThread]:   connect_timeout: 10
[0m11:15:21.659838 [info ] [MainThread]:   role: None
[0m11:15:21.660839 [info ] [MainThread]:   search_path: None
[0m11:15:21.660839 [info ] [MainThread]:   keepalives_idle: 0
[0m11:15:21.662023 [info ] [MainThread]:   sslmode: None
[0m11:15:21.662023 [info ] [MainThread]:   sslcert: None
[0m11:15:21.663095 [info ] [MainThread]:   sslkey: None
[0m11:15:21.663095 [info ] [MainThread]:   sslrootcert: None
[0m11:15:21.664576 [info ] [MainThread]:   application_name: dbt
[0m11:15:21.664576 [info ] [MainThread]:   retries: 1
[0m11:15:21.665983 [info ] [MainThread]: Registered adapter: postgres=1.8.2
[0m11:15:21.665983 [debug] [MainThread]: Acquiring new postgres connection 'debug'
[0m11:15:21.740075 [debug] [MainThread]: Using postgres connection "debug"
[0m11:15:21.741075 [debug] [MainThread]: On debug: select 1 as id
[0m11:15:21.741075 [debug] [MainThread]: Opening a new connection, currently in state init
[0m11:15:21.788241 [debug] [MainThread]: SQL status: SELECT 1 in 0.047 seconds
[0m11:15:21.789375 [debug] [MainThread]: On debug: Close
[0m11:15:21.789375 [info ] [MainThread]:   Connection test: [[32mOK connection ok[0m]

[0m11:15:21.790380 [info ] [MainThread]: [31m1 check failed:[0m
[0m11:15:21.790380 [info ] [MainThread]: Project loading failed for the following reason:
 project path <C:\Users\pparasyn\source\GITHUB - Pawel_Praca\dbtlearn_udemy\dbtlearn\dbt_project.yml> not found

[0m11:15:21.792380 [debug] [MainThread]: Command `dbt debug` failed at 11:15:21.792380 after 0.51 seconds
[0m11:15:21.792883 [debug] [MainThread]: Connection 'debug' was properly closed.
[0m11:15:21.792883 [debug] [MainThread]: Sending event: {'category': 'dbt', 'action': 'invocation', 'label': 'end', 'context': [<snowplow_tracker.self_describing_json.SelfDescribingJson object at 0x0000025D12E38770>, <snowplow_tracker.self_describing_json.SelfDescribingJson object at 0x0000025D16892FF0>, <snowplow_tracker.self_describing_json.SelfDescribingJson object at 0x0000025D16C65520>]}
[0m11:15:21.793888 [debug] [MainThread]: Flushing usage events
[0m13:58:29.953895 [debug] [MainThread]: Sending event: {'category': 'dbt', 'action': 'invocation', 'label': 'start', 'context': [<snowplow_tracker.self_describing_json.SelfDescribingJson object at 0x0000018B7993E9C0>, <snowplow_tracker.self_describing_json.SelfDescribingJson object at 0x0000018B7993C6E0>, <snowplow_tracker.self_describing_json.SelfDescribingJson object at 0x0000018B7993C770>]}


============================== 13:58:29.957696 | 7699487c-8324-41b3-873a-35f04f16757b ==============================
[0m13:58:29.957696 [info ] [MainThread]: Running with dbt=1.8.6
[0m13:58:29.958696 [debug] [MainThread]: running dbt with arguments {'printer_width': '80', 'indirect_selection': 'eager', 'log_cache_events': 'False', 'write_json': 'True', 'partial_parse': 'True', 'cache_selected_only': 'False', 'profiles_dir': 'C:\\Users\\pparasyn\\.dbt', 'fail_fast': 'False', 'version_check': 'True', 'log_path': 'logs', 'warn_error': 'None', 'debug': 'False', 'use_colors': 'True', 'use_experimental_parser': 'False', 'no_print': 'None', 'quiet': 'False', 'empty': 'None', 'log_format': 'default', 'invocation_command': 'dbt deps', 'warn_error_options': 'WarnErrorOptions(include=[], exclude=[])', 'static_parser': 'True', 'target_path': 'None', 'introspect': 'True', 'send_anonymous_usage_stats': 'True'}
[0m13:58:29.959698 [error] [MainThread]: Encountered an error:
Runtime Error
  No dbt_project.yml found at expected path C:\Users\pparasyn\source\GITHUB - Pawel_Praca\dbtlearn_udemy\dbtlearn\dbt_project.yml
  Verify that each entry within packages.yml (and their transitive dependencies) contains a file named dbt_project.yml
  
[0m13:58:29.960698 [debug] [MainThread]: Command `dbt deps` failed at 13:58:29.960698 after 0.13 seconds
[0m13:58:29.961699 [debug] [MainThread]: Sending event: {'category': 'dbt', 'action': 'invocation', 'label': 'end', 'context': [<snowplow_tracker.self_describing_json.SelfDescribingJson object at 0x0000018B798BDC40>, <snowplow_tracker.self_describing_json.SelfDescribingJson object at 0x0000018B79AFA7E0>, <snowplow_tracker.self_describing_json.SelfDescribingJson object at 0x0000018B79BEFFE0>]}
[0m13:58:29.961699 [debug] [MainThread]: Flushing usage events
[0m13:59:21.717394 [debug] [MainThread]: Sending event: {'category': 'dbt', 'action': 'invocation', 'label': 'start', 'context': [<snowplow_tracker.self_describing_json.SelfDescribingJson object at 0x000001C0C0BB82F0>, <snowplow_tracker.self_describing_json.SelfDescribingJson object at 0x000001C0BE25D310>, <snowplow_tracker.self_describing_json.SelfDescribingJson object at 0x000001C0BFFCF170>]}


============================== 13:59:21.721394 | 357b5cf1-864e-4dc3-9956-b5bc0e4b44e3 ==============================
[0m13:59:21.721394 [info ] [MainThread]: Running with dbt=1.8.6
[0m13:59:21.721899 [debug] [MainThread]: running dbt with arguments {'printer_width': '80', 'indirect_selection': 'eager', 'log_cache_events': 'False', 'write_json': 'True', 'partial_parse': 'True', 'cache_selected_only': 'False', 'warn_error': 'None', 'version_check': 'True', 'fail_fast': 'False', 'log_path': 'logs', 'profiles_dir': 'C:\\Users\\pparasyn\\.dbt', 'debug': 'False', 'use_colors': 'True', 'use_experimental_parser': 'False', 'empty': 'None', 'quiet': 'False', 'no_print': 'None', 'warn_error_options': 'WarnErrorOptions(include=[], exclude=[])', 'invocation_command': 'dbt deps', 'log_format': 'default', 'static_parser': 'True', 'target_path': 'None', 'introspect': 'True', 'send_anonymous_usage_stats': 'True'}
[0m13:59:21.721899 [error] [MainThread]: Encountered an error:
Runtime Error
  No dbt_project.yml found at expected path C:\Users\pparasyn\source\GITHUB - Pawel_Praca\dbtlearn_udemy\dbtlearn\dbt_project.yml
  Verify that each entry within packages.yml (and their transitive dependencies) contains a file named dbt_project.yml
  
[0m13:59:21.723282 [debug] [MainThread]: Command `dbt deps` failed at 13:59:21.723282 after 0.12 seconds
[0m13:59:21.724741 [debug] [MainThread]: Sending event: {'category': 'dbt', 'action': 'invocation', 'label': 'end', 'context': [<snowplow_tracker.self_describing_json.SelfDescribingJson object at 0x000001C0C0BB82F0>, <snowplow_tracker.self_describing_json.SelfDescribingJson object at 0x000001C0BFFECA40>, <snowplow_tracker.self_describing_json.SelfDescribingJson object at 0x000001C0BFE3A7E0>]}
[0m13:59:21.725245 [debug] [MainThread]: Flushing usage events
